
[INFO ] 2023-09-25 21:55:11.161 [main] MainPage - User clicked on WebElement "signInAnchor" and was directed to Page Object "Login Page".
[INFO ] 2023-09-25 21:55:11.197 [main] LoginPage - WebElement "emailInput" inside Page Object "LoginPage" was cleared and is ready to put in new data.
[INFO ] 2023-09-25 21:55:11.252 [main] LoginPage - User email address: "wojciechkowalski@gmail.com" was put into WebElement "emailInput" inside Page Object "LoginPage".
[INFO ] 2023-09-25 21:55:11.281 [main] LoginPage - WebElement "passwordInput" inside Page Object "LoginPage" was cleared and is ready to put in new data.
[INFO ] 2023-09-25 21:55:11.323 [main] LoginPage - User password: "Voyt@$$" was put into WebElement "passwordInput" inside Page Object "LoginPage".
[INFO ] 2023-09-25 21:55:11.825 [main] LoginPage - WebElement "signInButton" was found and clicked inside Page Object "LoginPage".
[INFO ] 2023-09-25 21:55:11.825 [main] LoginPage - Login form inside Page Object "LoginPage" was filled with username and password and submitted.
[INFO ] 2023-09-25 21:55:12.061 [main] MyAccountPage - User clicked on WebElement "storeLogo" and was directed to Page Object "MainPage".
[INFO ] 2023-09-25 21:55:12.829 [main] MainPage - User selected "Hummingbird Printed Sweater" and was directed to Page Object "Product Details Page".
[INFO ] 2023-09-25 21:55:12.859 [main] ProductDetailsPage - Discount info element with text "-20%" inside Page Object "ProductDetailsPage" is displayed. The discount for the product is 20%.
[INFO ] 2023-09-25 21:55:12.957 [main] ProductDetailsPage - Size M was selected. The size is valid.
[INFO ] 2023-09-25 21:55:12.975 [main] ProductDetailsPage - Number 5 entered into WebElement "qualityWantedInput" inside Page Object "ProductDetailsPage".
[INFO ] 2023-09-25 21:55:14.137 [main] ProductDetailsPage - Test clicked on WebElement "proceedToCheckoutAnchor", and then 5 pieces of product were successfully added to cart.
[INFO ] 2023-09-25 21:55:14.535 [main] ShoppingCartPage - User clicked WebElement "proceedToCheckoutAnchor" inside Page Object "ShoppingCartPage" and was directed to PageObject "DeliveryAndPaymentInformationPage".
[INFO ] 2023-09-25 21:55:14.574 [main] DeliveryAndPaymentInformationPage - Shipping address was selected by clicking on WebElement "homeAddress" inside Page Object "DeliveryAndPaymentInformationPage".
[INFO ] 2023-09-25 21:55:15.827 [main] DeliveryAndPaymentInformationPage - User was directed to shipping methods by clicking on WebElement "goToShippingMethodsButton" inside Page Object "DeliveryAndPaymentInformationPage".
[INFO ] 2023-09-25 21:55:15.866 [main] DeliveryAndPaymentInformationPage - Delivery option "pick up in store" was selected by clicking on WebElement "pickUpInStore" inside Page Object "DeliveryAndPaymentInformationPage".
[INFO ] 2023-09-25 21:55:16.326 [main] DeliveryAndPaymentInformationPage - Delivery option was confirmed by clicking on WebElement "confirmDeliveryOption" inside Page Object "DeliveryAndPaymentInformationPage".
[INFO ] 2023-09-25 21:55:16.369 [main] DeliveryAndPaymentInformationPage - Payment option "Pay by Check" was selected by clicking on WebElement "payByCheck" inside Page Object "DeliveryAndPaymentInformationPage".
[INFO ] 2023-09-25 21:55:16.410 [main] DeliveryAndPaymentInformationPage - Conditions were approved by clicking on WebElement "approveConditions" inside Page Object "DeliveryAndPaymentInformationPage".
[INFO ] 2023-09-25 21:55:17.274 [main] DeliveryAndPaymentInformationPage - WebElement "PlaceOrderButton" was clicked inside Page Object "DeliveryAndPaymentInformationPage".
[INFO ] 2023-09-25 21:55:17.274 [main] DeliveryAndPaymentInformationPage - User placed an order by selecting appropriate delivery and payment options and accepting conditions inside Page Object "DeliveryAndPaymentInformationPage".
[INFO ] 2023-09-25 21:55:19.879 [main] OrderConfirmationPage - Screenshot showing order details was taken and saved to C:\Users\HARDPC\Pictures\Screenshots\confirmation_screenshot.png.
[INFO ] 2023-09-25 21:55:23.600 [main] MainPage - User clicked on WebElement "signInAnchor" and was directed to Page Object "Login Page".
[INFO ] 2023-09-25 21:55:23.632 [main] LoginPage - WebElement "emailInput" inside Page Object "LoginPage" was cleared and is ready to put in new data.
[INFO ] 2023-09-25 21:55:23.683 [main] LoginPage - User email address: "wojciechkowalski@gmail.com" was put into WebElement "emailInput" inside Page Object "LoginPage".
[INFO ] 2023-09-25 21:55:23.710 [main] LoginPage - WebElement "passwordInput" inside Page Object "LoginPage" was cleared and is ready to put in new data.
[INFO ] 2023-09-25 21:55:23.749 [main] LoginPage - User password: "Voyt@$$" was put into WebElement "passwordInput" inside Page Object "LoginPage".
[INFO ] 2023-09-25 21:55:24.407 [main] LoginPage - WebElement "signInButton" was found and clicked inside Page Object "LoginPage".
[INFO ] 2023-09-25 21:55:24.407 [main] LoginPage - Login form inside Page Object "LoginPage" was filled with username and password and submitted.
[INFO ] 2023-09-25 21:55:24.645 [main] MyAccountPage - User clicked on WebElement "addressesAnchor" inside Page Object "MyAccountPage" and was directed to Page Object "YourAddressesPage".
[INFO ] 2023-09-25 21:55:24.896 [main] YourAddressesPage - User clicked WebElement "createNewAddressAnchor" inside Page Object "YourAddressesPage" and was directed to Page Object "AddressCreationForm".
[INFO ] 2023-09-25 21:55:24.966 [main] AddressCreationForm - Form control "[[ChromeDriver: chrome on windows (03d4668dfdd67423a7d5d55d4d41ee35)] -> id: field-alias]" inside Page Object "AddressCreationForm" was filled with the specific piece of data: Work
[INFO ] 2023-09-25 21:55:25.041 [main] AddressCreationForm - Form control "[[ChromeDriver: chrome on windows (03d4668dfdd67423a7d5d55d4d41ee35)] -> id: field-address1]" inside Page Object "AddressCreationForm" was filled with the specific piece of data: 20 Oxford Street
[INFO ] 2023-09-25 21:55:25.106 [main] AddressCreationForm - Form control "[[ChromeDriver: chrome on windows (03d4668dfdd67423a7d5d55d4d41ee35)] -> id: field-city]" inside Page Object "AddressCreationForm" was filled with the specific piece of data: Manchester
[INFO ] 2023-09-25 21:55:25.196 [main] AddressCreationForm - Form control "[[ChromeDriver: chrome on windows (03d4668dfdd67423a7d5d55d4d41ee35)] -> id: field-postcode]" inside Page Object "AddressCreationForm" was filled with the specific piece of data: 00-000
[INFO ] 2023-09-25 21:55:25.377 [main] AddressCreationForm - Form control "[[ChromeDriver: chrome on windows (03d4668dfdd67423a7d5d55d4d41ee35)] -> id: field-phone]" inside Page Object "AddressCreationForm" was filled with the specific piece of data: +44 123456789
[INFO ] 2023-09-25 21:55:25.738 [main] AddressCreationForm - The form inside Page Object "AddressCreationForm" was filled with data from scenario and WebElement "saveButton" was clicked to submit the form.
[INFO ] 2023-09-25 21:55:25.763 [main] YourAddressesPage - Test checked if text content of WebElement "lastAddressBody" inside Page Object "YourAddressesPage" contains the following alias: Work.
[INFO ] 2023-09-25 21:55:25.763 [main] YourAddressesPage - Test checked if text content of WebElement "lastAddressBody" inside Page Object "YourAddressesPage" contains the following street address: 20 Oxford Street.
[INFO ] 2023-09-25 21:55:25.763 [main] YourAddressesPage - Test checked if text content of WebElement "lastAddressBody" inside Page Object "YourAddressesPage" contains the following city name: Manchester.
[INFO ] 2023-09-25 21:55:25.763 [main] YourAddressesPage - Test checked if text content of WebElement "lastAddressBody" inside Page Object "YourAddressesPage" contains the following zipcode: 00-000.
[INFO ] 2023-09-25 21:55:25.764 [main] YourAddressesPage - Test checked if text content of WebElement "lastAddressBody" inside Page Object "YourAddressesPage" contains the following country: United Kingdom.
[INFO ] 2023-09-25 21:55:25.764 [main] YourAddressesPage - Test checked if text content of WebElement "lastAddressBody" inside Page Object "YourAddressesPage" contains the following phone number: +44 123456789.
[INFO ] 2023-09-25 21:55:25.764 [main] YourAddressesPage - ✅All entries regarding user address information are verified and correct✅
[INFO ] 2023-09-25 21:55:26.083 [main] YourAddressesPage - The "Delete" anchor inside Page Object "YourAddressesPage" was clicked. Waiting for deletion confirmation...
[INFO ] 2023-09-25 21:55:26.099 [main] YourAddressesPage - ✅Address has been deleted successfully.✅
